#
# There is insufficient memory for the Java Runtime Environment to continue.
# Native memory allocation (mmap) failed to map 65536 bytes for Failed to commit metaspace.
# Possible reasons:
#   The system is out of physical RAM or swap space
#   The process is running with CompressedOops enabled, and the Java Heap may be blocking the growth of the native heap
# Possible solutions:
#   Reduce memory load on the system
#   Increase physical memory or swap space
#   Check if swap backing store is full
#   Decrease Java heap size (-Xmx/-Xms)
#   Decrease number of Java threads
#   Decrease Java thread stack sizes (-Xss)
#   Set larger code cache with -XX:ReservedCodeCacheSize=
#   JVM is running with Unscaled Compressed Oops mode in which the Java heap is
#     placed in the first 4GB address space. The Java Heap base address is the
#     maximum limit for the native heap growth. Please use -XX:HeapBaseMinAddress
#     to set the Java Heap base and to place the Java Heap above 4GB virtual address.
# This output file may be truncated or incomplete.
#
#  Out of Memory Error (virtualSpaceNode.cpp:110), pid=14556, tid=16548
#
# JRE version: Java(TM) SE Runtime Environment (17.0.9+11) (build 17.0.9+11-LTS-201)
# Java VM: Java HotSpot(TM) 64-Bit Server VM (17.0.9+11-LTS-201, mixed mode, emulated-client, sharing, tiered, compressed oops, compressed class ptrs, g1 gc, windows-amd64)
# No core dump will be written. Minidumps are not enabled by default on client versions of Windows
#

---------------  S U M M A R Y ------------

Command Line: -XX:TieredStopAtLevel=1 -Dspring.output.ansi.enabled=always -Dcom.sun.management.jmxremote -Dspring.jmx.enabled=true -Dspring.liveBeansView.mbeanDomain -Dspring.application.admin.enabled=true -Dmanagement.endpoints.jmx.exposure.include=* -javaagent:C:\Program Files\JetBrains\IntelliJ IDEA 2024.3.1.1\lib\idea_rt.jar=4780:C:\Program Files\JetBrains\IntelliJ IDEA 2024.3.1.1\bin -Dfile.encoding=UTF-8 pairing.ideal.IdealApplication

Host: Intel(R) Core(TM) i5-8265U CPU @ 1.60GHz, 8 cores, 7G,  Windows 11 , 64 bit Build 22621 (10.0.22621.4830)
Time: Sun Mar  2 16:51:34 2025  Windows 11 , 64 bit Build 22621 (10.0.22621.4830) elapsed time: 10.199923 seconds (0d 0h 0m 10s)

---------------  T H R E A D  ---------------

Current thread (0x000001f3f02ee700):  JavaThread "main" [_thread_in_vm, id=16548, stack(0x0000007612300000,0x0000007612400000)]

Stack: [0x0000007612300000,0x0000007612400000]
Native frames: (J=compiled Java code, j=interpreted, Vv=VM code, C=native code)
V  [jvm.dll+0x678a4a]
V  [jvm.dll+0x7d9cfd]
V  [jvm.dll+0x7db60e]
V  [jvm.dll+0x7dbc73]
V  [jvm.dll+0x245e1f]
V  [jvm.dll+0x7d5a0b]
V  [jvm.dll+0x61ebc6]
V  [jvm.dll+0x1c01f7]
V  [jvm.dll+0x621530]
V  [jvm.dll+0x61f586]
V  [jvm.dll+0x36a3c2]
V  [jvm.dll+0x1e1b4b]
V  [jvm.dll+0x53eb15]
V  [jvm.dll+0x7546bd]
V  [jvm.dll+0x75461a]
V  [jvm.dll+0x40cdf3]
V  [jvm.dll+0x42041c]
C  [java.dll+0x1657]

Java frames: (J=compiled Java code, j=interpreted, Vv=VM code)
J 1589  java.lang.ClassLoader.defineClass0(Ljava/lang/ClassLoader;Ljava/lang/Class;Ljava/lang/String;[BIILjava/security/ProtectionDomain;ZILjava/lang/Object;)Ljava/lang/Class; java.base@17.0.9 (0 bytes) @ 0x000001f3f8070811 [0x000001f3f8070720+0x00000000000000f1]
J 1588 c1 java.lang.System$2.defineClass(Ljava/lang/ClassLoader;Ljava/lang/Class;Ljava/lang/String;[BLjava/security/ProtectionDomain;ZILjava/lang/Object;)Ljava/lang/Class; java.base@17.0.9 (21 bytes) @ 0x000001f3f807190c [0x000001f3f80718a0+0x000000000000006c]
J 1587 c1 java.lang.invoke.MethodHandles$Lookup$ClassDefiner.defineClass(ZLjava/lang/Object;)Ljava/lang/Class; java.base@17.0.9 (97 bytes) @ 0x000001f3f8072814 [0x000001f3f8072500+0x0000000000000314]
j  java.lang.invoke.InvokerBytecodeGenerator.loadMethod([B)Ljava/lang/invoke/MemberName;+16 java.base@17.0.9
J 2463 c1 java.lang.invoke.LambdaForm.compileToBytecode()V java.base@17.0.9 (164 bytes) @ 0x000001f3f81c55cc [0x000001f3f81c5460+0x000000000000016c]
J 632 c1 java.lang.invoke.LambdaForm.prepare()V java.base@17.0.9 (112 bytes) @ 0x000001f3f7ef3cf4 [0x000001f3f7ef3c80+0x0000000000000074]
J 631 c1 java.lang.invoke.MethodHandle.<init>(Ljava/lang/invoke/MethodType;Ljava/lang/invoke/LambdaForm;)V java.base@17.0.9 (37 bytes) @ 0x000001f3f7ef369c [0x000001f3f7ef35e0+0x00000000000000bc]
J 2065 c1 java.lang.invoke.BoundMethodHandle$Species_L.<init>(Ljava/lang/invoke/MethodType;Ljava/lang/invoke/LambdaForm;Ljava/lang/Object;)V java.base@17.0.9 (12 bytes) @ 0x000001f3f812366c [0x000001f3f8123620+0x000000000000004c]
j  java.lang.invoke.BoundMethodHandle$Species_L.copyWith(Ljava/lang/invoke/MethodType;Ljava/lang/invoke/LambdaForm;)Ljava/lang/invoke/BoundMethodHandle;+10 java.base@17.0.9
j  java.lang.invoke.MethodHandles.dropArguments0(Ljava/lang/invoke/MethodHandle;ILjava/util/List;)Ljava/lang/invoke/MethodHandle;+105 java.base@17.0.9
j  java.lang.invoke.MethodHandles.dropArguments(Ljava/lang/invoke/MethodHandle;I[Ljava/lang/Class;)Ljava/lang/invoke/MethodHandle;+6 java.base@17.0.9
j  java.lang.invoke.StringConcatFactory.generateMHInlineCopy(Ljava/lang/invoke/MethodType;Ljava/util/List;)Ljava/lang/invoke/MethodHandle;+266 java.base@17.0.9
j  java.lang.invoke.StringConcatFactory.makeConcatWithConstants(Ljava/lang/invoke/MethodHandles$Lookup;Ljava/lang/String;Ljava/lang/invoke/MethodType;Ljava/lang/String;[Ljava/lang/Object;)Ljava/lang/invoke/CallSite;+220 java.base@17.0.9
j  java.lang.invoke.DirectMethodHandle$Holder.invokeStatic(Ljava/lang/Object;Ljava/lang/Object;Ljava/lang/Object;Ljava/lang/Object;Ljava/lang/Object;Ljava/lang/Object;)Ljava/lang/Object;+18 java.base@17.0.9
j  java.lang.invoke.DelegatingMethodHandle$Holder.delegate(Ljava/lang/Object;Ljava/lang/Object;Ljava/lang/Object;Ljava/lang/Object;Ljava/lang/Object;Ljava/lang/Object;)Ljava/lang/Object;+21 java.base@17.0.9
J 1605 c1 java.lang.invoke.BootstrapMethodInvoker.invoke(Ljava/lang/Class;Ljava/lang/invoke/MethodHandle;Ljava/lang/String;Ljava/lang/Object;Ljava/lang/Object;Ljava/lang/Class;)Ljava/lang/Object; java.base@17.0.9 (974 bytes) @ 0x000001f3f808001c [0x000001f3f807e7e0+0x000000000000183c]
J 1604 c1 java.lang.invoke.CallSite.makeSite(Ljava/lang/invoke/MethodHandle;Ljava/lang/String;Ljava/lang/invoke/MethodType;Ljava/lang/Object;Ljava/lang/Class;)Ljava/lang/invoke/CallSite; java.base@17.0.9 (91 bytes) @ 0x000001f3f80792e4 [0x000001f3f80792a0+0x0000000000000044]
J 1603 c1 java.lang.invoke.MethodHandleNatives.linkCallSiteImpl(Ljava/lang/Class;Ljava/lang/invoke/MethodHandle;Ljava/lang/String;Ljava/lang/invoke/MethodType;Ljava/lang/Object;[Ljava/lang/Object;)Ljava/lang/invoke/MemberName; java.base@17.0.9 (44 bytes) @ 0x000001f3f80782b4 [0x000001f3f8078280+0x0000000000000034]
J 1602 c1 java.lang.invoke.MethodHandleNatives.linkCallSite(Ljava/lang/Object;ILjava/lang/Object;Ljava/lang/Object;Ljava/lang/Object;Ljava/lang/Object;[Ljava/lang/Object;)Ljava/lang/invoke/MemberName; java.base@17.0.9 (66 bytes) @ 0x000001f3f8077b4c [0x000001f3f8077a40+0x000000000000010c]
v  ~StubRoutines::call_stub
j  org.springframework.beans.factory.support.BeanDefinitionReaderUtils.uniqueBeanName(Ljava/lang/String;Lorg/springframework/beans/factory/support/BeanDefinitionRegistry;)Ljava/lang/String;+33
j  org.springframework.data.repository.config.RepositoryBeanDefinitionBuilder.build(Lorg/springframework/data/repository/config/RepositoryConfiguration;)Lorg/springframework/beans/factory/support/BeanDefinitionBuilder;+173
j  org.springframework.data.repository.config.RepositoryConfigurationDelegate.registerRepositoriesIn(Lorg/springframework/beans/factory/support/BeanDefinitionRegistry;Lorg/springframework/data/repository/config/RepositoryConfigurationExtension;)Ljava/util/List;+304
j  org.springframework.boot.autoconfigure.data.AbstractRepositoryConfigurationSourceSupport.registerBeanDefinitions(Lorg/springframework/core/type/AnnotationMetadata;Lorg/springframework/beans/factory/support/BeanDefinitionRegistry;Lorg/springframework/beans/factory/support/BeanNameGenerator;)V+30
j  org.springframework.context.annotation.ConfigurationClassBeanDefinitionReader.lambda$loadBeanDefinitionsFromRegistrars$1(Lorg/springframework/context/annotation/ImportBeanDefinitionRegistrar;Lorg/springframework/core/type/AnnotationMetadata;)V+10
j  org.springframework.context.annotation.ConfigurationClassBeanDefinitionReader$$Lambda$583+0x000001f384326200.accept(Ljava/lang/Object;Ljava/lang/Object;)V+12
J 2785 c1 java.util.LinkedHashMap.forEach(Ljava/util/function/BiConsumer;)V java.base@17.0.9 (65 bytes) @ 0x000001f3f824933c [0x000001f3f82492c0+0x000000000000007c]
j  org.springframework.context.annotation.ConfigurationClassBeanDefinitionReader.loadBeanDefinitionsFromRegistrars(Ljava/util/Map;)V+7
j  org.springframework.context.annotation.ConfigurationClassBeanDefinitionReader.loadBeanDefinitionsForConfigurationClass(Lorg/springframework/context/annotation/ConfigurationClass;Lorg/springframework/context/annotation/ConfigurationClassBeanDefinitionReader$TrackedConditionEvaluator;)V+126
j  org.springframework.context.annotation.ConfigurationClassBeanDefinitionReader.loadBeanDefinitions(Ljava/util/Set;)V+40
j  org.springframework.context.annotation.ConfigurationClassPostProcessor.processConfigBeanDefinitions(Lorg/springframework/beans/factory/support/BeanDefinitionRegistry;)V+375
j  org.springframework.context.annotation.ConfigurationClassPostProcessor.postProcessBeanDefinitionRegistry(Lorg/springframework/beans/factory/support/BeanDefinitionRegistry;)V+81
j  org.springframework.context.support.PostProcessorRegistrationDelegate.invokeBeanDefinitionRegistryPostProcessors(Ljava/util/Collection;Lorg/springframework/beans/factory/support/BeanDefinitionRegistry;Lorg/springframework/core/metrics/ApplicationStartup;)V+59
j  org.springframework.context.support.PostProcessorRegistrationDelegate.invokeBeanFactoryPostProcessors(Lorg/springframework/beans/factory/config/ConfigurableListableBeanFactory;Ljava/util/List;)V+238
j  org.springframework.context.support.AbstractApplicationContext.invokeBeanFactoryPostProcessors(Lorg/springframework/beans/factory/config/ConfigurableListableBeanFactory;)V+5
j  org.springframework.context.support.AbstractApplicationContext.refresh()V+62
j  org.springframework.boot.web.servlet.context.ServletWebServerApplicationContext.refresh()V+1
j  org.springframework.boot.SpringApplication.refresh(Lorg/springframework/context/ConfigurableApplicationContext;)V+1
j  org.springframework.boot.SpringApplication.refreshContext(Lorg/springframework/context/ConfigurableApplicationContext;)V+19
j  org.springframework.boot.SpringApplication.run([Ljava/lang/String;)Lorg/springframework/context/ConfigurableApplicationContext;+113
j  org.springframework.boot.SpringApplication.run([Ljava/lang/Class;[Ljava/lang/String;)Lorg/springframework/context/ConfigurableApplicationContext;+9
j  org.springframework.boot.SpringApplication.run(Ljava/lang/Class;[Ljava/lang/String;)Lorg/springframework/context/ConfigurableApplicationContext;+9
j  pairing.ideal.IdealApplication.main([Ljava/lang/String;)V+3
v  ~StubRoutines::call_stub

---------------  P R O C E S S  ---------------

Threads class SMR info:
_java_thread_list=0x000001f3c8d9c2b0, length=20, elements={
0x000001f3f02ee700, 0x000001f3822a2b90, 0x000001f3822a3920, 0x000001f3822bff60,
0x000001f3822c0a30, 0x000001f3822c3310, 0x000001f3822c3be0, 0x000001f3822c44b0,
0x000001f3822ed940, 0x000001f38245db70, 0x000001f382464080, 0x000001f3824645a0,
0x000001f382464ed0, 0x000001f3827be300, 0x000001f38299ff40, 0x000001f382ae67e0,
0x000001f382d82090, 0x000001f382d985d0, 0x000001f382da2cc0, 0x000001f382da27b0
}

Java Threads: ( => current thread )
=>0x000001f3f02ee700 JavaThread "main" [_thread_in_vm, id=16548, stack(0x0000007612300000,0x0000007612400000)]
  0x000001f3822a2b90 JavaThread "Reference Handler" daemon [_thread_blocked, id=22676, stack(0x0000007612a00000,0x0000007612b00000)]
  0x000001f3822a3920 JavaThread "Finalizer" daemon [_thread_blocked, id=24532, stack(0x0000007612b00000,0x0000007612c00000)]
  0x000001f3822bff60 JavaThread "Signal Dispatcher" daemon [_thread_blocked, id=31244, stack(0x0000007612c00000,0x0000007612d00000)]
  0x000001f3822c0a30 JavaThread "Attach Listener" daemon [_thread_blocked, id=25524, stack(0x0000007612d00000,0x0000007612e00000)]
  0x000001f3822c3310 JavaThread "Service Thread" daemon [_thread_blocked, id=17264, stack(0x0000007612e00000,0x0000007612f00000)]
  0x000001f3822c3be0 JavaThread "Monitor Deflation Thread" daemon [_thread_blocked, id=31332, stack(0x0000007612f00000,0x0000007613000000)]
  0x000001f3822c44b0 JavaThread "C1 CompilerThread0" daemon [_thread_blocked, id=30744, stack(0x0000007613000000,0x0000007613100000)]
  0x000001f3822ed940 JavaThread "Sweeper thread" daemon [_thread_blocked, id=29072, stack(0x0000007613100000,0x0000007613200000)]
  0x000001f38245db70 JavaThread "Common-Cleaner" daemon [_thread_blocked, id=10576, stack(0x0000007613200000,0x0000007613300000)]
  0x000001f382464080 JavaThread "C1 CompilerThread1" daemon [_thread_blocked, id=28908, stack(0x0000007613300000,0x0000007613400000)]
  0x000001f3824645a0 JavaThread "C1 CompilerThread2" daemon [_thread_blocked, id=28960, stack(0x0000007613400000,0x0000007613500000)]
  0x000001f382464ed0 JavaThread "C1 CompilerThread3" daemon [_thread_blocked, id=24936, stack(0x0000007613500000,0x0000007613600000)]
  0x000001f3827be300 JavaThread "Monitor Ctrl-Break" daemon [_thread_in_native, id=22716, stack(0x0000007613600000,0x0000007613700000)]
  0x000001f38299ff40 JavaThread "Notification Thread" daemon [_thread_blocked, id=8052, stack(0x0000007613700000,0x0000007613800000)]
  0x000001f382ae67e0 JavaThread "RMI TCP Accept-0" daemon [_thread_in_native, id=22028, stack(0x0000007613800000,0x0000007613900000)]
  0x000001f382d82090 JavaThread "RMI TCP Connection(1)-192.168.219.249" daemon [_thread_in_native, id=31052, stack(0x0000007613a00000,0x0000007613b00000)]
  0x000001f382d985d0 JavaThread "RMI TCP Connection(2)-192.168.219.249" daemon [_thread_in_native, id=19016, stack(0x0000007613b00000,0x0000007613c00000)]
  0x000001f382da2cc0 JavaThread "RMI Scheduler(0)" daemon [_thread_blocked, id=31148, stack(0x0000007613d00000,0x0000007613e00000)]
  0x000001f382da27b0 JavaThread "JMX server connection timeout 22" daemon [_thread_blocked, id=25684, stack(0x0000007613e00000,0x0000007613f00000)]

Other Threads:
  0x000001f38229dc70 VMThread "VM Thread" [stack: 0x0000007612900000,0x0000007612a00000] [id=30636]
  0x000001f3f02ef440 WatcherThread [stack: 0x0000007613900000,0x0000007613a00000] [id=2076]
  0x000001f3f034b8b0 GCTaskThread "GC Thread#0" [stack: 0x0000007612400000,0x0000007612500000] [id=29828]
  0x000001f382e0fd10 GCTaskThread "GC Thread#1" [stack: 0x0000007613c00000,0x0000007613d00000] [id=21976]
  0x000001f382e24fd0 GCTaskThread "GC Thread#2" [stack: 0x0000007613f00000,0x0000007614000000] [id=24800]
  0x000001f382e57c60 GCTaskThread "GC Thread#3" [stack: 0x0000007614000000,0x0000007614100000] [id=24304]
  0x000001f382e4b3f0 GCTaskThread "GC Thread#4" [stack: 0x0000007614100000,0x0000007614200000] [id=20108]
  0x000001f382e55080 GCTaskThread "GC Thread#5" [stack: 0x0000007614200000,0x0000007614300000] [id=30324]
  0x000001f382e57f20 GCTaskThread "GC Thread#6" [stack: 0x0000007614300000,0x0000007614400000] [id=29964]
  0x000001f382e58780 GCTaskThread "GC Thread#7" [stack: 0x0000007614400000,0x0000007614500000] [id=15556]
  0x000001f3f035c3d0 ConcurrentGCThread "G1 Main Marker" [stack: 0x0000007612500000,0x0000007612600000] [id=28924]
  0x000001f3f035ccf0 ConcurrentGCThread "G1 Conc#0" [stack: 0x0000007612600000,0x0000007612700000] [id=19544]
  0x000001f3c8cc8950 ConcurrentGCThread "G1 Conc#1" [stack: 0x0000007614600000,0x0000007614700000] [id=24868]
  0x000001f3f039dcb0 ConcurrentGCThread "G1 Refine#0" [stack: 0x0000007612700000,0x0000007612800000] [id=26460]
  0x000001f382e2b6a0 ConcurrentGCThread "G1 Refine#1" [stack: 0x0000007614500000,0x0000007614600000] [id=29816]
  0x000001f3f039e5f0 ConcurrentGCThread "G1 Service" [stack: 0x0000007612800000,0x0000007612900000] [id=27620]

Threads with active compile tasks:

VM state: not at safepoint (normal execution)

VM Mutex/Monitor currently owned by a thread:  ([mutex/lock_event])
[0x000001f3f02e8720] Metaspace_lock - owner thread: 0x000001f3f02ee700

Heap address: 0x0000000081a00000, size: 2022 MB, Compressed Oops mode: 32-bit

CDS archive(s) mapped at: [0x000001f383000000-0x000001f383bd0000-0x000001f383bd0000), size 12386304, SharedBaseAddress: 0x000001f383000000, ArchiveRelocationMode: 1.
Compressed class space mapped at: 0x000001f384000000-0x000001f3c4000000, reserved size: 1073741824
Narrow klass base: 0x000001f383000000, Narrow klass shift: 0, Narrow klass range: 0x100000000

GC Precious Log:
 CPUs: 8 total, 8 available
 Memory: 8084M
 Large Page Support: Disabled
 NUMA Support: Disabled
 Compressed Oops: Enabled (32-bit)
 Heap Region Size: 1M
 Heap Min Capacity: 8M
 Heap Initial Capacity: 128M
 Heap Max Capacity: 2022M
 Pre-touch: Disabled
 Parallel Workers: 8
 Concurrent Workers: 2
 Concurrent Refinement Workers: 8
 Periodic GC: Disabled

Heap:
 garbage-first heap   total 61440K, used 22194K [0x0000000081a00000, 0x0000000100000000)
  region size 1024K, 6 young (6144K), 1 survivors (1024K)
 Metaspace       used 24725K, committed 25088K, reserved 1114112K
  class space    used 3370K, committed 3520K, reserved 1048576K

Heap Regions: E=young(eden), S=young(survivor), O=old, HS=humongous(starts), HC=humongous(continues), CS=collection set, F=free, OA=open archive, CA=closed archive, TAMS=top-at-mark-start (previous, next)
|   0|0x0000000081a00000, 0x0000000081b00000, 0x0000000081b00000|100%|HS|  |TAMS 0x0000000081b00000, 0x0000000081a00000| Complete 
|   1|0x0000000081b00000, 0x0000000081c00000, 0x0000000081c00000|100%|HS|  |TAMS 0x0000000081c00000, 0x0000000081b00000| Complete 
|   2|0x0000000081c00000, 0x0000000081d00000, 0x0000000081d00000|100%| O|  |TAMS 0x0000000081d00000, 0x0000000081c00000| Untracked 
|   3|0x0000000081d00000, 0x0000000081e00000, 0x0000000081e00000|100%| O|  |TAMS 0x0000000081e00000, 0x0000000081d00000| Untracked 
|   4|0x0000000081e00000, 0x0000000081f00000, 0x0000000081f00000|100%| O|  |TAMS 0x0000000081f00000, 0x0000000081e00000| Untracked 
|   5|0x0000000081f00000, 0x0000000082000000, 0x0000000082000000|100%| O|  |TAMS 0x0000000082000000, 0x0000000081f00000| Untracked 
|   6|0x0000000082000000, 0x0000000082100000, 0x0000000082100000|100%| O|  |TAMS 0x0000000082100000, 0x0000000082000000| Untracked 
|   7|0x0000000082100000, 0x0000000082200000, 0x0000000082200000|100%| O|  |TAMS 0x0000000082200000, 0x0000000082100000| Untracked 
|   8|0x0000000082200000, 0x0000000082300000, 0x0000000082300000|100%| O|  |TAMS 0x0000000082300000, 0x0000000082200000| Untracked 
|   9|0x0000000082300000, 0x0000000082300000, 0x0000000082400000|  0%| F|  |TAMS 0x0000000082300000, 0x0000000082300000| Untracked 
|  10|0x0000000082400000, 0x0000000082500000, 0x0000000082500000|100%| O|  |TAMS 0x0000000082400000, 0x0000000082400000| Untracked 
|  11|0x0000000082500000, 0x0000000082600000, 0x0000000082600000|100%| O|  |TAMS 0x0000000082500000, 0x0000000082500000| Untracked 
|  12|0x0000000082600000, 0x0000000082700000, 0x0000000082700000|100%| O|  |TAMS 0x0000000082600000, 0x0000000082600000| Untracked 
|  13|0x0000000082700000, 0x0000000082800000, 0x0000000082800000|100%| O|  |TAMS 0x0000000082700000, 0x0000000082700000| Untracked 
|  14|0x0000000082800000, 0x0000000082900000, 0x0000000082900000|100%| O|  |TAMS 0x0000000082800000, 0x0000000082800000| Untracked 
|  15|0x0000000082900000, 0x0000000082a00000, 0x0000000082a00000|100%| O|  |TAMS 0x0000000082900000, 0x0000000082900000| Untracked 
|  16|0x0000000082a00000, 0x0000000082b00000, 0x0000000082b00000|100%| O|  |TAMS 0x0000000082a00000, 0x0000000082a00000| Untracked 
|  17|0x0000000082b00000, 0x0000000082beb000, 0x0000000082c00000| 91%| O|  |TAMS 0x0000000082b00000, 0x0000000082b00000| Untracked 
|  18|0x0000000082c00000, 0x0000000082c00000, 0x0000000082d00000|  0%| F|  |TAMS 0x0000000082c00000, 0x0000000082c00000| Untracked 
|  19|0x0000000082d00000, 0x0000000082d00000, 0x0000000082e00000|  0%| F|  |TAMS 0x0000000082d00000, 0x0000000082d00000| Untracked 
|  20|0x0000000082e00000, 0x0000000082e00000, 0x0000000082f00000|  0%| F|  |TAMS 0x0000000082e00000, 0x0000000082e00000| Untracked 
|  21|0x0000000082f00000, 0x0000000082f00000, 0x0000000083000000|  0%| F|  |TAMS 0x0000000082f00000, 0x0000000082f00000| Untracked 
|  22|0x0000000083000000, 0x0000000083000000, 0x0000000083100000|  0%| F|  |TAMS 0x0000000083000000, 0x0000000083000000| Untracked 
|  23|0x0000000083100000, 0x0000000083100000, 0x0000000083200000|  0%| F|  |TAMS 0x0000000083100000, 0x0000000083100000| Untracked 
|  24|0x0000000083200000, 0x0000000083200000, 0x0000000083300000|  0%| F|  |TAMS 0x0000000083200000, 0x0000000083200000| Untracked 
|  25|0x0000000083300000, 0x0000000083300000, 0x0000000083400000|  0%| F|  |TAMS 0x0000000083300000, 0x0000000083300000| Untracked 
|  26|0x0000000083400000, 0x0000000083400000, 0x0000000083500000|  0%| F|  |TAMS 0x0000000083400000, 0x0000000083400000| Untracked 
|  27|0x0000000083500000, 0x0000000083500000, 0x0000000083600000|  0%| F|  |TAMS 0x0000000083500000, 0x0000000083500000| Untracked 
|  28|0x0000000083600000, 0x0000000083600000, 0x0000000083700000|  0%| F|  |TAMS 0x0000000083600000, 0x0000000083600000| Untracked 
|  29|0x0000000083700000, 0x0000000083700000, 0x0000000083800000|  0%| F|  |TAMS 0x0000000083700000, 0x0000000083700000| Untracked 
|  30|0x0000000083800000, 0x0000000083800000, 0x0000000083900000|  0%| F|  |TAMS 0x0000000083800000, 0x0000000083800000| Untracked 
|  31|0x0000000083900000, 0x0000000083900000, 0x0000000083a00000|  0%| F|  |TAMS 0x0000000083900000, 0x0000000083900000| Untracked 
|  32|0x0000000083a00000, 0x0000000083a00000, 0x0000000083b00000|  0%| F|  |TAMS 0x0000000083a00000, 0x0000000083a00000| Untracked 
|  33|0x0000000083b00000, 0x0000000083b00000, 0x0000000083c00000|  0%| F|  |TAMS 0x0000000083b00000, 0x0000000083b00000| Untracked 
|  34|0x0000000083c00000, 0x0000000083c00000, 0x0000000083d00000|  0%| F|  |TAMS 0x0000000083c00000, 0x0000000083c00000| Untracked 
|  35|0x0000000083d00000, 0x0000000083d00000, 0x0000000083e00000|  0%| F|  |TAMS 0x0000000083d00000, 0x0000000083d00000| Untracked 
|  36|0x0000000083e00000, 0x0000000083e00000, 0x0000000083f00000|  0%| F|  |TAMS 0x0000000083e00000, 0x0000000083e00000| Untracked 
|  37|0x0000000083f00000, 0x0000000083f00000, 0x0000000084000000|  0%| F|  |TAMS 0x0000000083f00000, 0x0000000083f00000| Untracked 
|  38|0x0000000084000000, 0x0000000084000000, 0x0000000084100000|  0%| F|  |TAMS 0x0000000084000000, 0x0000000084000000| Untracked 
|  39|0x0000000084100000, 0x0000000084100000, 0x0000000084200000|  0%| F|  |TAMS 0x0000000084100000, 0x0000000084100000| Untracked 
|  40|0x0000000084200000, 0x0000000084200000, 0x0000000084300000|  0%| F|  |TAMS 0x0000000084200000, 0x0000000084200000| Untracked 
|  41|0x0000000084300000, 0x0000000084300000, 0x0000000084400000|  0%| F|  |TAMS 0x0000000084300000, 0x0000000084300000| Untracked 
|  42|0x0000000084400000, 0x0000000084400000, 0x0000000084500000|  0%| F|  |TAMS 0x0000000084400000, 0x0000000084400000| Untracked 
|  43|0x0000000084500000, 0x0000000084500000, 0x0000000084600000|  0%| F|  |TAMS 0x0000000084500000, 0x0000000084500000| Untracked 
|  44|0x0000000084600000, 0x0000000084600000, 0x0000000084700000|  0%| F|  |TAMS 0x0000000084600000, 0x0000000084600000| Untracked 
|  45|0x0000000084700000, 0x0000000084700000, 0x0000000084800000|  0%| F|  |TAMS 0x0000000084700000, 0x0000000084700000| Untracked 
|  46|0x0000000084800000, 0x0000000084800000, 0x0000000084900000|  0%| F|  |TAMS 0x0000000084800000, 0x0000000084800000| Untracked 
|  47|0x0000000084900000, 0x0000000084900000, 0x0000000084a00000|  0%| F|  |TAMS 0x0000000084900000, 0x0000000084900000| Untracked 
|  48|0x0000000084a00000, 0x0000000084a00000, 0x0000000084b00000|  0%| F|  |TAMS 0x0000000084a00000, 0x0000000084a00000| Untracked 
|  49|0x0000000084b00000, 0x0000000084b00000, 0x0000000084c00000|  0%| F|  |TAMS 0x0000000084b00000, 0x0000000084b00000| Untracked 
|  50|0x0000000084c00000, 0x0000000084c00000, 0x0000000084d00000|  0%| F|  |TAMS 0x0000000084c00000, 0x0000000084c00000| Untracked 
|  51|0x0000000084d00000, 0x0000000084d00000, 0x0000000084e00000|  0%| F|  |TAMS 0x0000000084d00000, 0x0000000084d00000| Untracked 
| 103|0x0000000088100000, 0x0000000088100000, 0x0000000088200000|  0%| F|  |TAMS 0x0000000088100000, 0x0000000088100000| Untracked 
| 104|0x0000000088200000, 0x0000000088200000, 0x0000000088300000|  0%| F|  |TAMS 0x0000000088200000, 0x0000000088200000| Untracked 
| 105|0x0000000088300000, 0x0000000088400000, 0x0000000088400000|100%| E|  |TAMS 0x0000000088300000, 0x0000000088300000| Complete 
| 106|0x0000000088400000, 0x0000000088500000, 0x0000000088500000|100%| E|CS|TAMS 0x0000000088400000, 0x0000000088400000| Complete 
| 107|0x0000000088500000, 0x0000000088600000, 0x0000000088600000|100%| E|CS|TAMS 0x0000000088500000, 0x0000000088500000| Complete 
| 108|0x0000000088600000, 0x0000000088700000, 0x0000000088700000|100%| E|CS|TAMS 0x0000000088600000, 0x0000000088600000| Complete 
| 109|0x0000000088700000, 0x00000000887c1940, 0x0000000088800000| 75%| S|CS|TAMS 0x0000000088700000, 0x0000000088700000| Complete 
| 127|0x0000000089900000, 0x0000000089a00000, 0x0000000089a00000|100%| E|CS|TAMS 0x0000000089900000, 0x0000000089900000| Complete 

Card table byte_map: [0x000001f3fb080000,0x000001f3fb480000] _byte_map_base: 0x000001f3fac73000

Marking Bits (Prev, Next): (CMBitMap*) 0x000001f3f034be20, (CMBitMap*) 0x000001f3f034bde0
 Prev Bits: [0x000001f3fd820000, 0x000001f3ff7b8000)
 Next Bits: [0x000001f3fb880000, 0x000001f3fd818000)

Polling page: 0x000001f3ee2c0000

Metaspace:

Usage:
  Non-class:     20.85 MB used.
      Class:      3.29 MB used.
       Both:     24.15 MB used.

Virtual space:
  Non-class space:       64.00 MB reserved,      21.06 MB ( 33%) committed,  1 nodes.
      Class space:        1.00 GB reserved,       3.44 MB ( <1%) committed,  1 nodes.
             Both:        1.06 GB reserved,      24.50 MB (  2%) committed. 

Chunk freelists:
   Non-Class:  10.95 MB
       Class:  12.50 MB
        Both:  23.45 MB

MaxMetaspaceSize: unlimited
CompressedClassSpaceSize: 1.00 GB
Initial GC threshold: 21.00 MB
Current GC threshold: 35.12 MB
CDS: on
MetaspaceReclaimPolicy: balanced
 - commit_granule_bytes: 65536.
 - commit_granule_words: 8192.
 - virtual_space_node_default_size: 8388608.
 - enlarge_chunks_in_place: 1.
 - new_chunks_are_fully_committed: 0.
 - uncommit_free_chunks: 1.
 - use_allocation_guard: 0.
 - handle_deallocations: 1.


Internal statistics:

num_allocs_failed_limit: 3.
num_arena_births: 422.
num_arena_deaths: 2.
num_vsnodes_births: 2.
num_vsnodes_deaths: 0.
num_space_committed: 392.
num_space_uncommitted: 0.
num_chunks_returned_to_freelist: 6.
num_chunks_taken_from_freelist: 1249.
num_chunk_merges: 3.
num_chunk_splits: 857.
num_chunks_enlarged: 633.
num_inconsistent_stats: 0.

CodeCache: size=49152Kb used=8361Kb max_used=8361Kb free=40790Kb
 bounds [0x000001f3f7b70000, 0x000001f3f83a0000, 0x000001f3fab70000]
 total_blobs=4134 nmethods=3612 adapters=446
 compilation: enabled
              stopped_count=0, restarted_count=0
 full_count=0

Compilation events (20 events):
Event: 10.189 Thread 0x000001f382464ed0 3605       1       java.util.stream.Streams$StreamBuilderImpl::<init> (16 bytes)
Event: 10.189 Thread 0x000001f382464080 3606       1       java.util.stream.Streams$AbstractStreamBuilderImpl::<init> (5 bytes)
Event: 10.189 Thread 0x000001f3824645a0 nmethod 3603 0x000001f3f8396490 code [0x000001f3f8396620, 0x000001f3f8396708]
Event: 10.189 Thread 0x000001f382464ed0 nmethod 3605 0x000001f3f8396790 code [0x000001f3f8396920, 0x000001f3f8396a38]
Event: 10.189 Thread 0x000001f3824645a0 3607       1       java.util.stream.AbstractPipeline::onClose (52 bytes)
Event: 10.189 Thread 0x000001f382464080 nmethod 3606 0x000001f3f8396a90 code [0x000001f3f8396c20, 0x000001f3f8396cd8]
Event: 10.189 Thread 0x000001f382464ed0 3608       1       org.springframework.data.util.ReactiveWrappers$$Lambda$635/0x000001f38437d250::apply (8 bytes)
Event: 10.189 Thread 0x000001f382464080 3609       1       org.springframework.data.util.ReflectionUtils::returnTypeAndParameters (28 bytes)
Event: 10.190 Thread 0x000001f3822c44b0 nmethod 3604 0x000001f3f8396d90 code [0x000001f3f8396f40, 0x000001f3f8397198]
Event: 10.190 Thread 0x000001f3822c44b0 3610       1       java.util.stream.Stream::concat (73 bytes)
Event: 10.190 Thread 0x000001f3824645a0 nmethod 3607 0x000001f3f8397290 code [0x000001f3f8397460, 0x000001f3f8397768]
Event: 10.190 Thread 0x000001f3824645a0 3611       1       java.util.stream.Streams$ConcatSpliterator$OfRef::<init> (7 bytes)
Event: 10.190 Thread 0x000001f3824645a0 nmethod 3611 0x000001f3f8397910 code [0x000001f3f8397aa0, 0x000001f3f8397b88]
Event: 10.190 Thread 0x000001f3824645a0 3612       1       java.util.stream.Streams$ConcatSpliterator::<init> (47 bytes)
Event: 10.190 Thread 0x000001f382464080 nmethod 3609 0x000001f3f8397c10 code [0x000001f3f8397e20, 0x000001f3f8398348]
Event: 10.190 Thread 0x000001f3824645a0 nmethod 3612 0x000001f3f8398690 code [0x000001f3f8398840, 0x000001f3f8398a58]
Event: 10.190 Thread 0x000001f382464ed0 nmethod 3608 0x000001f3f8398b10 code [0x000001f3f8398d20, 0x000001f3f83992a8]
Event: 10.191 Thread 0x000001f3822c44b0 nmethod 3610 0x000001f3f8399610 code [0x000001f3f8399840, 0x000001f3f8399ef8]
Event: 10.192 Thread 0x000001f3822c44b0 3613       1       java.lang.invoke.MethodHandleImpl$AsVarargsCollector::getTarget (5 bytes)
Event: 10.192 Thread 0x000001f3822c44b0 nmethod 3613 0x000001f3f839a290 code [0x000001f3f839a420, 0x000001f3f839a4f8]

GC Heap History (12 events):
Event: 3.982 GC heap before
{Heap before GC invocations=0 (full 0):
 garbage-first heap   total 131072K, used 24576K [0x0000000081a00000, 0x0000000100000000)
  region size 1024K, 23 young (23552K), 0 survivors (0K)
 Metaspace       used 6835K, committed 7104K, reserved 1114112K
  class space    used 847K, committed 960K, reserved 1048576K
}
Event: 4.001 GC heap after
{Heap after GC invocations=1 (full 0):
 garbage-first heap   total 131072K, used 9451K [0x0000000081a00000, 0x0000000100000000)
  region size 1024K, 3 young (3072K), 3 survivors (3072K)
 Metaspace       used 6835K, committed 7104K, reserved 1114112K
  class space    used 847K, committed 960K, reserved 1048576K
}
Event: 5.521 GC heap before
{Heap before GC invocations=1 (full 0):
 garbage-first heap   total 131072K, used 30955K [0x0000000081a00000, 0x0000000100000000)
  region size 1024K, 24 young (24576K), 3 survivors (3072K)
 Metaspace       used 11373K, committed 11648K, reserved 1114112K
  class space    used 1537K, committed 1664K, reserved 1048576K
}
Event: 5.531 GC heap after
{Heap after GC invocations=2 (full 0):
 garbage-first heap   total 131072K, used 11374K [0x0000000081a00000, 0x0000000100000000)
  region size 1024K, 2 young (2048K), 2 survivors (2048K)
 Metaspace       used 11373K, committed 11648K, reserved 1114112K
  class space    used 1537K, committed 1664K, reserved 1048576K
}
Event: 7.162 GC heap before
{Heap before GC invocations=2 (full 0):
 garbage-first heap   total 131072K, used 52334K [0x0000000081a00000, 0x0000000100000000)
  region size 1024K, 43 young (44032K), 2 survivors (2048K)
 Metaspace       used 19739K, committed 20096K, reserved 1114112K
  class space    used 2691K, committed 2880K, reserved 1048576K
}
Event: 7.172 GC heap after
{Heap after GC invocations=3 (full 0):
 garbage-first heap   total 131072K, used 14150K [0x0000000081a00000, 0x0000000100000000)
  region size 1024K, 5 young (5120K), 5 survivors (5120K)
 Metaspace       used 19739K, committed 20096K, reserved 1114112K
  class space    used 2691K, committed 2880K, reserved 1048576K
}
Event: 8.306 GC heap before
{Heap before GC invocations=3 (full 0):
 garbage-first heap   total 131072K, used 30534K [0x0000000081a00000, 0x0000000100000000)
  region size 1024K, 23 young (23552K), 5 survivors (5120K)
 Metaspace       used 21186K, committed 21504K, reserved 1114112K
  class space    used 2882K, committed 3072K, reserved 1048576K
}
Event: 8.320 GC heap after
{Heap after GC invocations=4 (full 0):
 garbage-first heap   total 131072K, used 16229K [0x0000000081a00000, 0x0000000100000000)
  region size 1024K, 7 young (7168K), 7 survivors (7168K)
 Metaspace       used 21186K, committed 21504K, reserved 1114112K
  class space    used 2882K, committed 3072K, reserved 1048576K
}
Event: 9.838 GC heap before
{Heap before GC invocations=5 (full 0):
 garbage-first heap   total 61440K, used 45925K [0x0000000081a00000, 0x0000000100000000)
  region size 1024K, 36 young (36864K), 7 survivors (7168K)
 Metaspace       used 23910K, committed 24256K, reserved 1114112K
  class space    used 3259K, committed 3456K, reserved 1048576K
}
Event: 9.866 GC heap after
{Heap after GC invocations=6 (full 0):
 garbage-first heap   total 61440K, used 17940K [0x0000000081a00000, 0x0000000100000000)
  region size 1024K, 4 young (4096K), 4 survivors (4096K)
 Metaspace       used 23910K, committed 24256K, reserved 1114112K
  class space    used 3259K, committed 3456K, reserved 1048576K
}
Event: 9.938 GC heap before
{Heap before GC invocations=6 (full 0):
 garbage-first heap   total 61440K, used 18964K [0x0000000081a00000, 0x0000000100000000)
  region size 1024K, 5 young (5120K), 4 survivors (4096K)
 Metaspace       used 24021K, committed 24384K, reserved 1114112K
  class space    used 3275K, committed 3456K, reserved 1048576K
}
Event: 9.953 GC heap after
{Heap after GC invocations=7 (full 0):
 garbage-first heap   total 61440K, used 18098K [0x0000000081a00000, 0x0000000100000000)
  region size 1024K, 1 young (1024K), 1 survivors (1024K)
 Metaspace       used 24021K, committed 24384K, reserved 1114112K
  class space    used 3275K, committed 3456K, reserved 1048576K
}

Deoptimization events (4 events):
Event: 6.280 Thread 0x000001f3f02ee700 DEOPT PACKING pc=0x000001f3f8157e19 sp=0x00000076123fd2a0
Event: 6.280 Thread 0x000001f3f02ee700 DEOPT UNPACKING pc=0x000001f3f7bc2b43 sp=0x00000076123fc780 mode 3
Event: 6.545 Thread 0x000001f3f02ee700 DEOPT PACKING pc=0x000001f3f819d655 sp=0x00000076123fe650
Event: 6.545 Thread 0x000001f3f02ee700 DEOPT UNPACKING pc=0x000001f3f7bc2b43 sp=0x00000076123fdaf8 mode 3

Classes unloaded (1 events):
Event: 8.339 Thread 0x000001f38229dc70 Unloading class 0x000001f3840e8000 'jdk/internal/reflect/GeneratedSerializationConstructorAccessor10'

Classes redefined (0 events):
No events

Internal exceptions (20 events):
Event: 5.836 Thread 0x000001f3f02ee700 Exception <a 'java/lang/IncompatibleClassChangeError'{0x00000000895d2548}: Found class java.lang.Object, but interface was expected> (0x00000000895d2548) 
thrown [s\open\src\hotspot\share\interpreter\linkResolver.cpp, line 826]
Event: 6.032 Thread 0x000001f382d985d0 Exception <a 'java/lang/reflect/InvocationTargetException'{0x0000000089054fb8}> (0x0000000089054fb8) 
thrown [s\open\src\hotspot\share\runtime\reflection.cpp, line 1121]
Event: 6.543 Thread 0x000001f382d985d0 Exception <a 'java/lang/reflect/InvocationTargetException'{0x00000000890617c8}> (0x00000000890617c8) 
thrown [s\open\src\hotspot\share\runtime\reflection.cpp, line 1121]
Event: 6.556 Thread 0x000001f3f02ee700 Exception <a 'sun/nio/fs/WindowsException'{0x0000000087d9c340}> (0x0000000087d9c340) 
thrown [s\open\src\hotspot\share\prims\jni.cpp, line 516]
Event: 6.557 Thread 0x000001f3f02ee700 Exception <a 'java/lang/NoSuchMethodError'{0x0000000087d9d8c8}: 'int java.lang.invoke.DirectMethodHandle$Holder.invokeSpecial(java.lang.Object, java.lang.Object, java.lang.Object, java.lang.Object, java.lang.Object)'> (0x0000000087d9d8c8) 
thrown [s\open\src\hotspot\share\interpreter\linkResolver.cpp, line 759]
Event: 6.562 Thread 0x000001f3f02ee700 Exception <a 'java/lang/NoSuchMethodError'{0x0000000087da6468}: 'void java.lang.invoke.DirectMethodHandle$Holder.invokeVirtual(java.lang.Object, java.lang.Object)'> (0x0000000087da6468) 
thrown [s\open\src\hotspot\share\interpreter\linkResolver.cpp, line 759]
Event: 6.843 Thread 0x000001f382da1370 Exception <a 'java/lang/NoSuchMethodError'{0x00000000874755b8}: 'long java.lang.invoke.DirectMethodHandle$Holder.invokeSpecial(java.lang.Object, java.lang.Object)'> (0x00000000874755b8) 
thrown [s\open\src\hotspot\share\interpreter\linkResolver.cpp, line 759]
Event: 6.845 Thread 0x000001f382da1370 Exception <a 'java/lang/NoSuchMethodError'{0x00000000874801b0}: 'long java.lang.invoke.DirectMethodHandle$Holder.invokeStatic(java.lang.Object, java.lang.Object)'> (0x00000000874801b0) 
thrown [s\open\src\hotspot\share\interpreter\linkResolver.cpp, line 759]
Event: 6.846 Thread 0x000001f382da1370 Exception <a 'java/lang/NoSuchMethodError'{0x0000000087483508}: 'long java.lang.invoke.DirectMethodHandle$Holder.invokeStaticInit(java.lang.Object, java.lang.Object)'> (0x0000000087483508) 
thrown [s\open\src\hotspot\share\interpreter\linkResolver.cpp, line 759]
Event: 6.848 Thread 0x000001f382da1370 Exception <a 'java/lang/NoSuchMethodError'{0x0000000087490e08}: 'long java.lang.invoke.DirectMethodHandle$Holder.invokeInterface(java.lang.Object, java.lang.Object)'> (0x0000000087490e08) 
thrown [s\open\src\hotspot\share\interpreter\linkResolver.cpp, line 759]
Event: 6.849 Thread 0x000001f382da1370 Exception <a 'java/lang/IncompatibleClassChangeError'{0x00000000874940f0}: Found class java.lang.Object, but interface was expected> (0x00000000874940f0) 
thrown [s\open\src\hotspot\share\interpreter\linkResolver.cpp, line 826]
Event: 6.861 Thread 0x000001f382da1370 Exception <a 'java/lang/NoSuchMethodError'{0x00000000874ae760}: 'java.lang.Object java.lang.invoke.DirectMethodHandle$Holder.invokeVirtual(java.lang.Object, java.lang.Object, java.lang.Object, java.lang.Object)'> (0x00000000874ae760) 
thrown [s\open\src\hotspot\share\interpreter\linkResolver.cpp, line 759]
Event: 7.056 Thread 0x000001f382d985d0 Exception <a 'java/lang/reflect/InvocationTargetException'{0x000000008906dd38}> (0x000000008906dd38) 
thrown [s\open\src\hotspot\share\runtime\reflection.cpp, line 1121]
Event: 7.570 Thread 0x000001f382d985d0 Exception <a 'java/lang/reflect/InvocationTargetException'{0x00000000892bdb28}> (0x00000000892bdb28) 
thrown [s\open\src\hotspot\share\runtime\reflection.cpp, line 1121]
Event: 7.670 Thread 0x000001f3f02ee700 Exception <a 'java/lang/IncompatibleClassChangeError'{0x0000000089069b78}: Found class java.lang.Object, but interface was expected> (0x0000000089069b78) 
thrown [s\open\src\hotspot\share\interpreter\linkResolver.cpp, line 826]
Event: 8.082 Thread 0x000001f382d985d0 Exception <a 'java/lang/reflect/InvocationTargetException'{0x00000000892ca1b0}> (0x00000000892ca1b0) 
thrown [s\open\src\hotspot\share\runtime\reflection.cpp, line 1121]
Event: 8.597 Thread 0x000001f382d985d0 Exception <a 'java/lang/reflect/InvocationTargetException'{0x0000000084a093f0}> (0x0000000084a093f0) 
thrown [s\open\src\hotspot\share\runtime\reflection.cpp, line 1121]
Event: 9.112 Thread 0x000001f382d82090 Exception <a 'java/lang/reflect/InvocationTargetException'{0x00000000847d52d8}> (0x00000000847d52d8) 
thrown [s\open\src\hotspot\share\runtime\reflection.cpp, line 1121]
Event: 9.623 Thread 0x000001f382d82090 Exception <a 'java/lang/reflect/InvocationTargetException'{0x00000000847e1710}> (0x00000000847e1710) 
thrown [s\open\src\hotspot\share\runtime\reflection.cpp, line 1121]
Event: 10.062 Thread 0x000001f3f02ee700 Exception <a 'sun/nio/fs/WindowsException'{0x00000000885547f8}> (0x00000000885547f8) 
thrown [s\open\src\hotspot\share\prims\jni.cpp, line 516]

VM Operations (20 events):
Event: 8.306 Executing VM operation: CollectForMetadataAllocation
Event: 8.320 Executing VM operation: CollectForMetadataAllocation done
Event: 8.338 Executing VM operation: G1Concurrent
Event: 8.346 Executing VM operation: G1Concurrent done
Event: 8.350 Executing VM operation: G1Concurrent
Event: 8.355 Executing VM operation: G1Concurrent done
Event: 9.369 Executing VM operation: Cleanup
Event: 9.369 Executing VM operation: Cleanup done
Event: 9.838 Executing VM operation: G1CollectForAllocation
Event: 9.866 Executing VM operation: G1CollectForAllocation done
Event: 9.938 Executing VM operation: G1CollectForAllocation
Event: 9.953 Executing VM operation: G1CollectForAllocation done
Event: 10.027 Executing VM operation: HandshakeAllThreads
Event: 10.027 Executing VM operation: HandshakeAllThreads done
Event: 10.042 Executing VM operation: HandshakeAllThreads
Event: 10.042 Executing VM operation: HandshakeAllThreads done
Event: 10.043 Executing VM operation: HandshakeAllThreads
Event: 10.043 Executing VM operation: HandshakeAllThreads done
Event: 10.054 Executing VM operation: HandshakeAllThreads
Event: 10.054 Executing VM operation: HandshakeAllThreads done

Events (20 events):
Event: 8.738 loading class javax/management/openmbean/OpenDataException
Event: 8.738 loading class javax/management/openmbean/OpenDataException done
Event: 9.105 Thread 0x000001f382da1370 Thread added: 0x000001f382da1370
Event: 9.115 Thread 0x000001f382da1370 Thread exited: 0x000001f382da1370
Event: 9.618 Thread 0x000001f382da1370 Thread added: 0x000001f382da1370
Event: 9.625 Thread 0x000001f382da1370 Thread exited: 0x000001f382da1370
Event: 9.757 loading class java/lang/UnsupportedClassVersionError
Event: 9.757 loading class java/lang/ClassFormatError
Event: 9.758 loading class java/lang/ClassFormatError done
Event: 9.758 loading class java/lang/UnsupportedClassVersionError done
Event: 10.050 loading class java/util/Collections$UnmodifiableMap$UnmodifiableEntrySet$1
Event: 10.050 loading class java/util/Collections$UnmodifiableMap$UnmodifiableEntrySet$1 done
Event: 10.127 Thread 0x000001f382da1370 Thread added: 0x000001f382da1370
Event: 10.134 Thread 0x000001f382da1370 Thread exited: 0x000001f382da1370
Event: 10.154 loading class java/util/stream/Streams$ConcatSpliterator$OfRef
Event: 10.154 loading class java/util/stream/Streams$ConcatSpliterator
Event: 10.154 loading class java/util/stream/Streams$ConcatSpliterator done
Event: 10.155 loading class java/util/stream/Streams$ConcatSpliterator$OfRef done
Event: 10.155 loading class java/util/stream/Streams$2
Event: 10.155 loading class java/util/stream/Streams$2 done


Dynamic libraries:
0x00007ff6f7370000 - 0x00007ff6f7380000 	C:\Program Files\Java\jdk-17\bin\java.exe
0x00007ffcb8170000 - 0x00007ffcb8387000 	C:\WINDOWS\SYSTEM32\ntdll.dll
0x00007ffcb6c00000 - 0x00007ffcb6cc4000 	C:\WINDOWS\System32\KERNEL32.DLL
0x00007ffcb5950000 - 0x00007ffcb5d20000 	C:\WINDOWS\System32\KERNELBASE.dll
0x00007ffcb5590000 - 0x00007ffcb56a1000 	C:\WINDOWS\System32\ucrtbase.dll
0x00007ffc8d4e0000 - 0x00007ffc8d4fb000 	C:\Program Files\Java\jdk-17\bin\VCRUNTIME140.dll
0x00007ffc8d4c0000 - 0x00007ffc8d4d9000 	C:\Program Files\Java\jdk-17\bin\jli.dll
0x00007ffcb7b90000 - 0x00007ffcb7c41000 	C:\WINDOWS\System32\ADVAPI32.dll
0x00007ffcb7c50000 - 0x00007ffcb7cf7000 	C:\WINDOWS\System32\msvcrt.dll
0x00007ffcb7f70000 - 0x00007ffcb8017000 	C:\WINDOWS\System32\sechost.dll
0x00007ffcb5920000 - 0x00007ffcb5948000 	C:\WINDOWS\System32\bcrypt.dll
0x00007ffcb5e60000 - 0x00007ffcb5f74000 	C:\WINDOWS\System32\RPCRT4.dll
0x00007ffcb65b0000 - 0x00007ffcb675e000 	C:\WINDOWS\System32\USER32.dll
0x00007ffcb56b0000 - 0x00007ffcb56d6000 	C:\WINDOWS\System32\win32u.dll
0x00007ffcb7f40000 - 0x00007ffcb7f69000 	C:\WINDOWS\System32\GDI32.dll
0x00007ffcb56e0000 - 0x00007ffcb57fb000 	C:\WINDOWS\System32\gdi32full.dll
0x00007ffca2430000 - 0x00007ffca26c2000 	C:\WINDOWS\WinSxS\amd64_microsoft.windows.common-controls_6595b64144ccf1df_6.0.22621.4830_none_270fe7d773858e80\COMCTL32.dll
0x00007ffcb5800000 - 0x00007ffcb589a000 	C:\WINDOWS\System32\msvcp_win.dll
0x00007ffcb0160000 - 0x00007ffcb016a000 	C:\WINDOWS\SYSTEM32\VERSION.dll
0x00007ffcb6ea0000 - 0x00007ffcb6ed1000 	C:\WINDOWS\System32\IMM32.DLL
0x00007ffcad410000 - 0x00007ffcad41c000 	C:\Program Files\Java\jdk-17\bin\vcruntime140_1.dll
0x00007ffc42d50000 - 0x00007ffc42dde000 	C:\Program Files\Java\jdk-17\bin\msvcp140.dll
0x00007ffc3f8d0000 - 0x00007ffc404b1000 	C:\Program Files\Java\jdk-17\bin\server\jvm.dll
0x00007ffcb8040000 - 0x00007ffcb8048000 	C:\WINDOWS\System32\PSAPI.DLL
0x00007ffc9d270000 - 0x00007ffc9d279000 	C:\WINDOWS\SYSTEM32\WSOCK32.dll
0x00007ffcb7d00000 - 0x00007ffcb7d71000 	C:\WINDOWS\System32\WS2_32.dll
0x00007ffcafcf0000 - 0x00007ffcafd24000 	C:\WINDOWS\SYSTEM32\WINMM.dll
0x00007ffcb43c0000 - 0x00007ffcb43d8000 	C:\WINDOWS\SYSTEM32\kernel.appcore.dll
0x00007ffc9cf00000 - 0x00007ffc9cf0a000 	C:\Program Files\Java\jdk-17\bin\jimage.dll
0x00007ffcb2cf0000 - 0x00007ffcb2f22000 	C:\WINDOWS\SYSTEM32\DBGHELP.DLL
0x00007ffcb6760000 - 0x00007ffcb6af0000 	C:\WINDOWS\System32\combase.dll
0x00007ffcb8050000 - 0x00007ffcb8127000 	C:\WINDOWS\System32\OLEAUT32.dll
0x00007ffca0bb0000 - 0x00007ffca0be2000 	C:\WINDOWS\SYSTEM32\dbgcore.DLL
0x00007ffcb5de0000 - 0x00007ffcb5e5b000 	C:\WINDOWS\System32\bcryptPrimitives.dll
0x00007ffc929d0000 - 0x00007ffc929de000 	C:\Program Files\Java\jdk-17\bin\instrument.dll
0x00007ffc8d490000 - 0x00007ffc8d4b5000 	C:\Program Files\Java\jdk-17\bin\java.dll
0x00007ffc427f0000 - 0x00007ffc428c7000 	C:\Program Files\Java\jdk-17\bin\jsvml.dll
0x00007ffcb6ee0000 - 0x00007ffcb7758000 	C:\WINDOWS\System32\SHELL32.dll
0x00007ffcb3320000 - 0x00007ffcb3c30000 	C:\WINDOWS\SYSTEM32\windows.storage.dll
0x00007ffcb31e0000 - 0x00007ffcb331f000 	C:\WINDOWS\SYSTEM32\wintypes.dll
0x00007ffcb7e30000 - 0x00007ffcb7f3a000 	C:\WINDOWS\System32\SHCORE.dll
0x00007ffcb6e40000 - 0x00007ffcb6e9e000 	C:\WINDOWS\System32\shlwapi.dll
0x00007ffcb5350000 - 0x00007ffcb537b000 	C:\WINDOWS\SYSTEM32\profapi.dll
0x00007ffc8d470000 - 0x00007ffc8d488000 	C:\Program Files\Java\jdk-17\bin\zip.dll
0x00007ffc82760000 - 0x00007ffc82779000 	C:\Program Files\Java\jdk-17\bin\net.dll
0x00007ffcaf730000 - 0x00007ffcaf85c000 	C:\WINDOWS\SYSTEM32\WINHTTP.dll
0x00007ffcb4890000 - 0x00007ffcb48fa000 	C:\WINDOWS\system32\mswsock.dll
0x00007ffc820a0000 - 0x00007ffc820b6000 	C:\Program Files\Java\jdk-17\bin\nio.dll
0x00007ffcb08a0000 - 0x00007ffcb08ba000 	C:\Program Files\JetBrains\IntelliJ IDEA 2024.3.1.1\bin\breakgen64.dll
0x00007ffcb3ec0000 - 0x00007ffcb3fc2000 	C:\WINDOWS\SYSTEM32\DNSAPI.dll
0x00007ffcb3e90000 - 0x00007ffcb3ebd000 	C:\WINDOWS\SYSTEM32\IPHLPAPI.DLL
0x00007ffcb7770000 - 0x00007ffcb7779000 	C:\WINDOWS\System32\NSI.dll
0x00007ffcab710000 - 0x00007ffcab71a000 	C:\Windows\System32\rasadhlp.dll
0x00007ffcad050000 - 0x00007ffcad0d3000 	C:\WINDOWS\System32\fwpuclnt.dll
0x00007ffc84910000 - 0x00007ffc8491a000 	C:\Program Files\Java\jdk-17\bin\management.dll
0x00007ffc82190000 - 0x00007ffc8219b000 	C:\Program Files\Java\jdk-17\bin\management_ext.dll
0x00007ffcb4be0000 - 0x00007ffcb4bfb000 	C:\WINDOWS\SYSTEM32\CRYPTSP.dll
0x00007ffcb4380000 - 0x00007ffcb43b5000 	C:\WINDOWS\system32\rsaenh.dll
0x00007ffcb4930000 - 0x00007ffcb4958000 	C:\WINDOWS\SYSTEM32\USERENV.dll
0x00007ffcb4bc0000 - 0x00007ffcb4bcc000 	C:\WINDOWS\SYSTEM32\CRYPTBASE.dll
0x00007ffcb0170000 - 0x00007ffcb0189000 	C:\WINDOWS\SYSTEM32\dhcpcsvc6.DLL
0x00007ffcaf710000 - 0x00007ffcaf72f000 	C:\WINDOWS\SYSTEM32\dhcpcsvc.DLL
0x00007ffc97770000 - 0x00007ffc97787000 	C:\WINDOWS\system32\napinsp.dll
0x00007ffc96c10000 - 0x00007ffc96c2b000 	C:\WINDOWS\system32\pnrpnsp.dll
0x00007ffc93c20000 - 0x00007ffc93c31000 	C:\WINDOWS\System32\winrnr.dll
0x00007ffcaf1f0000 - 0x00007ffcaf205000 	C:\WINDOWS\system32\wshbth.dll
0x00007ffc93b50000 - 0x00007ffc93b77000 	C:\WINDOWS\system32\nlansp_c.dll
0x00007ffc85b40000 - 0x00007ffc85b50000 	C:\Program Files\Java\jdk-17\bin\verify.dll
0x00007ffc9d100000 - 0x00007ffc9d150000 	C:\WINDOWS\SYSTEM32\pdh.dll
0x00007ffc812e0000 - 0x00007ffc812ee000 	C:\Program Files\Java\jdk-17\bin\sunmscapi.dll
0x00007ffcb5420000 - 0x00007ffcb5586000 	C:\WINDOWS\System32\CRYPT32.dll
0x00007ffcb4cf0000 - 0x00007ffcb4d1d000 	C:\WINDOWS\SYSTEM32\ncrypt.dll
0x00007ffcb4cb0000 - 0x00007ffcb4ce7000 	C:\WINDOWS\SYSTEM32\NTASN1.dll
0x00007ffc91200000 - 0x00007ffc91211000 	C:\WINDOWS\System32\perfproc.dll
0x00007ffc927d0000 - 0x00007ffc927e0000 	C:\WINDOWS\System32\perfos.dll
0x00007ffcb2600000 - 0x00007ffcb2610000 	C:\WINDOWS\SYSTEM32\pfclient.dll

dbghelp: loaded successfully - version: 4.0.5 - missing functions: none
symbol engine: initialized successfully - sym options: 0x614 - pdb path: .;C:\Program Files\Java\jdk-17\bin;C:\WINDOWS\SYSTEM32;C:\WINDOWS\WinSxS\amd64_microsoft.windows.common-controls_6595b64144ccf1df_6.0.22621.4830_none_270fe7d773858e80;C:\Program Files\Java\jdk-17\bin\server;C:\Program Files\JetBrains\IntelliJ IDEA 2024.3.1.1\bin

VM Arguments:
jvm_args: -XX:TieredStopAtLevel=1 -Dspring.output.ansi.enabled=always -Dcom.sun.management.jmxremote -Dspring.jmx.enabled=true -Dspring.liveBeansView.mbeanDomain -Dspring.application.admin.enabled=true -Dmanagement.endpoints.jmx.exposure.include=* -javaagent:C:\Program Files\JetBrains\IntelliJ IDEA 2024.3.1.1\lib\idea_rt.jar=4780:C:\Program Files\JetBrains\IntelliJ IDEA 2024.3.1.1\bin -Dfile.encoding=UTF-8 
java_command: pairing.ideal.IdealApplication
java_class_path (initial): C:\pairing\sever-ideal\build\classes\java\main;C:\pairing\sever-ideal\build\resources\main;C:\Users\SAMSUNG\.gradle\caches\modules-2\files-2.1\org.projectlombok\lombok\1.18.36\5a30490a6e14977d97d9c73c924c1f1b5311ea95\lombok-1.18.36.jar;C:\Users\SAMSUNG\.gradle\caches\modules-2\files-2.1\io.jsonwebtoken\jjwt-api\0.12.6\478886a888f6add04937baf0361144504a024967\jjwt-api-0.12.6.jar;C:\Users\SAMSUNG\.gradle\caches\modules-2\files-2.1\org.springdoc\springdoc-openapi-starter-webmvc-ui\2.1.0\f31615e90b61d18a46a701d5c10e9e505a49a984\springdoc-openapi-starter-webmvc-ui-2.1.0.jar;C:\Users\SAMSUNG\.gradle\caches\modules-2\files-2.1\org.springframework.boot\spring-boot-starter-data-jpa\3.4.2\b65a304b493807dff48bf114135dc4aa5f267927\spring-boot-starter-data-jpa-3.4.2.jar;C:\Users\SAMSUNG\.gradle\caches\modules-2\files-2.1\org.springframework.boot\spring-boot-starter-security\3.4.2\b3102ed745b5e71f61bb5174c6a12275f0154dbb\spring-boot-starter-security-3.4.2.jar;C:\Users\SAMSUNG\.gradle\caches\modules-2\files-2.1\org.springframework.boot\spring-boot-starter-web\3.4.2\cf1c8efe77dccf221acf5f0ce9cc24c718c0ca44\spring-boot-starter-web-3.4.2.jar;C:\Users\SAMSUNG\.gradle\caches\modules-2\files-2.1\org.springframework.boot\spring-boot-starter-logging\3.4.2\be7631ab8d3cb2a6a3c9981dcaa6d0867c964772\spring-boot-starter-logging-3.4.2.jar;C:\Users\SAMSUNG\.gradle\caches\modules-2\files-2.1\com.amazonaws\aws-java-sdk-s3\1.12.529\22685c25fd20184774954ea9ed2ffcbcb694d5db\aws-java-sdk-s3-1.12.529.jar;C:\Users\SAMSUNG\.gradle\caches\modules-2\files-2.1\org.springdoc\springdoc-openapi-starter-webmvc-api\2.1.0\966fa4ae5e4fbd559062df6b7cb2ec2e9cf23a20\springdoc-openapi-starter-webmvc-api-2.1.0.jar;C:\Users\SAMSUNG\.gradle\caches\modules-2\files-2.1\org.webjars\swagger-ui\4.18.2\2347d066b71cd3d20789b6d143829680b3123d81\swagger-ui-4.18.2.jar;C:\Users\SAMSUNG\.gradle\caches\modules-2\files-2.1\org.springframework.boot\spring-boot-starter-jdbc\3.4.2\a3698cab03ba6daaaa38c16df1b3
Launcher Type: SUN_STANDARD

[Global flags]
     intx CICompilerCount                          = 4                                         {product} {ergonomic}
     uint ConcGCThreads                            = 2                                         {product} {ergonomic}
     uint G1ConcRefinementThreads                  = 8                                         {product} {ergonomic}
   size_t G1HeapRegionSize                         = 1048576                                   {product} {ergonomic}
    uintx GCDrainStackTargetSize                   = 64                                        {product} {ergonomic}
   size_t InitialHeapSize                          = 134217728                                 {product} {ergonomic}
     bool ManagementServer                         = true                                      {product} {command line}
   size_t MarkStackSize                            = 4194304                                   {product} {ergonomic}
   size_t MaxHeapSize                              = 2120220672                                {product} {ergonomic}
   size_t MaxNewSize                               = 1271922688                                {product} {ergonomic}
   size_t MinHeapDeltaBytes                        = 1048576                                   {product} {ergonomic}
   size_t MinHeapSize                              = 8388608                                   {product} {ergonomic}
    uintx NonProfiledCodeHeapSize                  = 0                                      {pd product} {ergonomic}
     bool ProfileInterpreter                       = false                                  {pd product} {command line}
    uintx ProfiledCodeHeapSize                     = 0                                      {pd product} {ergonomic}
   size_t SoftMaxHeapSize                          = 2120220672                             {manageable} {ergonomic}
     intx TieredStopAtLevel                        = 1                                         {product} {command line}
     bool UseCompressedClassPointers               = true                           {product lp64_product} {ergonomic}
     bool UseCompressedOops                        = true                           {product lp64_product} {ergonomic}
     bool UseG1GC                                  = true                                      {product} {ergonomic}
     bool UseLargePagesIndividualAllocation        = false                                  {pd product} {ergonomic}

Logging:
Log output configuration:
 #0: stdout all=warning uptime,level,tags
 #1: stderr all=off uptime,level,tags

Environment Variables:
JAVA_HOME=C:\Program Files\Java\jdk-17
CLASSPATH=*
PATH=C:\Program Files\Java\jdk-17\bin;C:\Program Files\Common Files\Oracle\Java\javapath;C:\Program Files\Microsoft SDKs\Azure\CLI2\wbin;C:\Program Files\MongoDB\Server\8.0\bin;C:\Program Files\Java\jdk-17\bin;C:\WINDOWS;C:\WINDOWS\System32\Wbem;C:\WINDOWS\System32\WindowsPowerShell\v1.0\;C:\WINDOWS\System32\OpenSSH\;C:\Program Files (x86)\Intel\Intel(R) Management Engine Components\DAL;C:\Program Files\Intel\Intel(R) Management Engine Components\DAL;C:\Program Files\Git\cmd;C:\xampp\php\extras\openssl;C:\Program Files\Openssl\bin;C:\Program Files\Openssl\bin\bin;C:\Program Files\MySQL\MySQL Server 8.0\bin;C:\ProgramData\chocolatey\bin;C:\Program Files\dotnet\;C:\Program Files\dotnet;C:\Program Files\Docker\Docker\resources\bin;C:\Program Files\GitHub CLI\;C:\Program Files\nodejs\;C:\Program Files\PowerShell\7\;C:\Program Files\PuTTY\;C:\Users\SAMSUNG\AppData\Local\Programs\Python\Python311\Scripts\;C:\Users\SAMSUNG\AppData\Local\Programs\Python\Python311\;C:\Users\SAMSUNG\AppData\Local\Microsoft\WindowsApps;C:\Program Files\JetBrains\IntelliJ IDEA Community Edition 2022.2.3\bin;;C:\Users\SAMSUNG\AppData\Local\Programs\Microsoft VS Code\bin;C:\Program Files\MySQL\MySQL Server 8.0\bin;C:\flutter\bin;C:\Windows\System32;C:\Users\SAMSUNG\.dotnet\tools;C:\Users\SAMSUNG\AppData\Local\Programs\Azure Dev CLI\;C:\Users\SAMSUNG\AppData\Roaming\npm;C:\Program Files\JetBrains\IntelliJ IDEA 2024.3.1.1\bin;;C:\Program Files\JetBrains\WebStorm 2024.3.1.1\bin;;C:\Program Files\mongosh\;C:\Users\SAMSUNG\AppData\Local\Programs\cursor\resources\app\bin
USERNAME=SAMSUNG
OS=Windows_NT
PROCESSOR_IDENTIFIER=Intel64 Family 6 Model 142 Stepping 12, GenuineIntel



---------------  S Y S T E M  ---------------

OS:
 Windows 11 , 64 bit Build 22621 (10.0.22621.4830)
OS uptime: 0 days 11:56 hours
Hyper-V role detected

CPU: total 8 (initial active 8) (4 cores per cpu, 2 threads per core) family 6 model 142 stepping 12 microcode 0xde, cx8, cmov, fxsr, ht, mmx, 3dnowpref, sse, sse2, sse3, ssse3, sse4.1, sse4.2, popcnt, lzcnt, tsc, tscinvbit, avx, avx2, aes, erms, clmul, bmi1, bmi2, adx, fma, vzeroupper, clflush, clflushopt, hv

Memory: 4k page, system-wide physical 8084M (882M free)
TotalPageFile size 32660M (AvailPageFile size 0M)
current process WorkingSet (physical memory assigned to process): 145M, peak: 145M
current process commit charge ("private bytes"): 191M, peak: 256M

vm_info: Java HotSpot(TM) 64-Bit Server VM (17.0.9+11-LTS-201) for windows-amd64 JRE (17.0.9+11-LTS-201), built on Oct 10 2023 23:16:06 by "mach5one" with MS VC++ 17.1 (VS2022)

END.
